0 info it worked if it ends with ok
1 verbose cli [ 'C:\\Program Files\\nodejs\\\\node.exe',
1 verbose cli   'C:\\Program Files\\nodejs\\node_modules\\npm\\bin\\npm-cli.js',
1 verbose cli   'publish' ]
2 info using npm@1.4.28
3 info using node@v0.10.33
4 verbose node symlink C:\Program Files\nodejs\\node.exe
5 verbose publish [ '.' ]
6 verbose cache add [ '.', null ]
7 verbose cache add name=undefined spec="." args=[".",null]
8 verbose parsed url { protocol: null,
8 verbose parsed url   slashes: null,
8 verbose parsed url   auth: null,
8 verbose parsed url   host: null,
8 verbose parsed url   port: null,
8 verbose parsed url   hostname: null,
8 verbose parsed url   hash: null,
8 verbose parsed url   search: null,
8 verbose parsed url   query: null,
8 verbose parsed url   pathname: '.',
8 verbose parsed url   path: '.',
8 verbose parsed url   href: '.' }
9 silly lockFile 3a52ce78- .
10 verbose lock . C:\Users\aatibudhi\AppData\Roaming\npm-cache\3a52ce78-.lock
11 verbose tar pack [ 'C:\\Users\\aatibudhi\\AppData\\Roaming\\npm-cache\\aquajs-error\\1.4.29\\package.tgz',
11 verbose tar pack   '.' ]
12 verbose tarball C:\Users\aatibudhi\AppData\Roaming\npm-cache\aquajs-error\1.4.29\package.tgz
13 verbose folder .
14 info prepublish aquajs-error@1.4.29
15 silly lockFile 1f1177db-tar tar://.
16 verbose lock tar://. C:\Users\aatibudhi\AppData\Roaming\npm-cache\1f1177db-tar.lock
17 silly lockFile 031a5c3e--aquajs-error-1-4-29-package-tgz tar://C:\Users\aatibudhi\AppData\Roaming\npm-cache\aquajs-error\1.4.29\package.tgz
18 verbose lock tar://C:\Users\aatibudhi\AppData\Roaming\npm-cache\aquajs-error\1.4.29\package.tgz C:\Users\aatibudhi\AppData\Roaming\npm-cache\031a5c3e--aquajs-error-1-4-29-package-tgz.lock
19 silly lockFile 1f1177db-tar tar://.
20 silly lockFile 1f1177db-tar tar://.
21 silly lockFile 031a5c3e--aquajs-error-1-4-29-package-tgz tar://C:\Users\aatibudhi\AppData\Roaming\npm-cache\aquajs-error\1.4.29\package.tgz
22 silly lockFile 031a5c3e--aquajs-error-1-4-29-package-tgz tar://C:\Users\aatibudhi\AppData\Roaming\npm-cache\aquajs-error\1.4.29\package.tgz
23 silly lockFile bfec47ca-ache-aquajs-error-1-4-29-package C:\Users\aatibudhi\AppData\Roaming\npm-cache\aquajs-error\1.4.29\package
24 verbose lock C:\Users\aatibudhi\AppData\Roaming\npm-cache\aquajs-error\1.4.29\package C:\Users\aatibudhi\AppData\Roaming\npm-cache\bfec47ca-ache-aquajs-error-1-4-29-package.lock
25 silly lockFile bfec47ca-ache-aquajs-error-1-4-29-package C:\Users\aatibudhi\AppData\Roaming\npm-cache\aquajs-error\1.4.29\package
26 silly lockFile bfec47ca-ache-aquajs-error-1-4-29-package C:\Users\aatibudhi\AppData\Roaming\npm-cache\aquajs-error\1.4.29\package
27 silly lockFile 3a52ce78- .
28 silly lockFile 3a52ce78- .
29 silly publish { name: 'aquajs-error',
29 silly publish   version: '1.4.29',
29 silly publish   description: 'aqua js errror',
29 silly publish   keywords: [ 'error' ],
29 silly publish   homepage: 'https://github.com/equinix/gse-common',
29 silly publish   license: '',
29 silly publish   engines: { node: '>=0.6.0' },
29 silly publish   maintainers:
29 silly publish    [ { name: 'xxxxx', email: 'xxxxx' },
29 silly publish      { name: 'xxxxxx', email: 'xxxxxx' } ],
29 silly publish   bugs: { url: 'http://equinix.com/aquajs-error' },
29 silly publish   repository: { type: 'git', url: 'git://github.com:equinix/gse-common.git' },
29 silly publish   dependencies: { randomstring: 'latest', 'js-beautify': 'latest' },
29 silly publish   devDependencies: { nodeunit: '~>0.8.0' },
29 silly publish   main: './index.js',
29 silly publish   gypfile: true,
29 silly publish   readme: 'aqua js error',
29 silly publish   readmeFilename: 'README.md',
29 silly publish   gitHead: '94cd4186d35ab1e981d30463f827bee3d1e92a5b',
29 silly publish   _id: 'aquajs-error@1.4.29',
29 silly publish   scripts: {},
29 silly publish   _shasum: '56aa3aae8488e1d5c67bf9dfcda3599e1b8e6109',
29 silly publish   _from: '.' }
30 verbose request where is /nexus/content/groups/Equinix-NPM-Release/aquajs-error
31 verbose request registry http://nexus.corp.equinix.com/
32 verbose request id bd7b74ddeba193cb
33 verbose url raw /nexus/content/groups/Equinix-NPM-Release/aquajs-error
34 verbose url resolving [ 'http://nexus.corp.equinix.com/',
34 verbose url resolving   './nexus/content/groups/Equinix-NPM-Release/aquajs-error' ]
35 verbose url resolved http://nexus.corp.equinix.com/nexus/content/groups/Equinix-NPM-Release/aquajs-error
36 verbose request where is http://nexus.corp.equinix.com/nexus/content/groups/Equinix-NPM-Release/aquajs-error
37 info trying registry request attempt 1 at 14:54:59
38 http PUT http://nexus.corp.equinix.com/nexus/content/groups/Equinix-NPM-Release/aquajs-error
39 http 400 http://nexus.corp.equinix.com/nexus/content/groups/Equinix-NPM-Release/aquajs-error
40 verbose bad json <html>
40 verbose bad json   <head>
40 verbose bad json     <title>400 - Repository with ID='Equinix-NPM-Release' is Read Only, but action was 'create'!</title>
40 verbose bad json     <meta http-equiv="Content-Type" content="text/html; charset=utf-8"/>
40 verbose bad json
40 verbose bad json     <link rel="icon" type="image/png" href="http://nexus.corp.equinix.com/nexus/favicon.png">
40 verbose bad json     <!--[if IE]>
40 verbose bad json     <link rel="SHORTCUT ICON" href="http://nexus.corp.equinix.com/nexus/favicon.ico"/>
40 verbose bad json     <![endif]-->
40 verbose bad json
40 verbose bad json     <link rel="stylesheet" href="http://nexus.corp.equinix.com/nexus/static/css/Sonatype-content.css?2.11.1-01" type="text/css" media="screen" title="no title" charset="utf-8">
40 verbose bad json   </head>
40 verbose bad json   <body>
40 verbose bad json     <h1>400 - Repository with ID='Equinix-NPM-Release' is Read Only, but action was 'create'!</h1>
40 verbose bad json     <p>Repository with ID='Equinix-NPM-Release' is Read Only, but action was 'create'!</p>
40 verbose bad json   </body>
40 verbose bad json </html>
41 error registry error parsing json
42 verbose headers { date: 'Tue, 03 Mar 2015 22:54:59 GMT',
42 verbose headers   server: 'Nexus/2.11.1-01',
42 verbose headers   'x-frame-options': 'SAMEORIGIN',
42 verbose headers   'x-content-type-options': 'nosniff',
42 verbose headers   'accept-ranges': 'bytes',
42 verbose headers   'content-type': 'text/html',
42 verbose headers   'set-cookie': [ 'rememberMe=deleteMe; Path=/nexus; Max-Age=0; Expires=Mon, 02-Mar-2015 22:54:59 GMT' ],
42 verbose headers   connection: 'close',
42 verbose headers   'transfer-encoding': 'chunked' }
43 error publish Failed PUT 400
44 error SyntaxError: Unexpected token <
44 error <html>
44 error   <head>
44 error     <title>400 - Repository with ID='Equinix-NPM-Release' is Read Only, but action was 'create'!</title>
44 error     <meta http-equiv="Content-Type" content="text/html; charset=utf-8"/>
44 error
44 error     <link rel="icon" type="image/png" href="http://nexus.corp.equinix.com/nexus/favicon.png">
44 error     <!--[if IE]>
44 error     <link rel="SHORTCUT ICON" href="http://nexus.corp.equinix.com/nexus/favicon.ico"/>
44 error     <![endif]-->
44 error
44 error     <link rel="stylesheet" href="http://nexus.corp.equinix.com/nexus/static/css/Sonatype-content.css?2.11.1-01" type="text/css" media="screen" title="no title" charset="utf-8">
44 error   </head>
44 error   <body>
44 error     <h1>400 - Repository with ID='Equinix-NPM-Release' is Read Only, but action was 'create'!</h1>
44 error     <p>Repository with ID='Equinix-NPM-Release' is Read Only, but action was 'create'!</p>
44 error   </body>
44 error </html>
44 error
44 error     at Object.parse (native)
44 error     at RegClient.<anonymous> (C:\Program Files\nodejs\node_modules\npm\node_modules\npm-registry-client\lib\request.js:274:23)
44 error     at Request._callback (C:\Program Files\nodejs\node_modules\npm\node_modules\npm-registry-client\lib\request.js:246:65)
44 error     at Request.self.callback (C:\Program Files\nodejs\node_modules\npm\node_modules\request\request.js:236:22)
44 error     at Request.emit (events.js:98:17)
44 error     at Request.<anonymous> (C:\Program Files\nodejs\node_modules\npm\node_modules\request\request.js:1142:14)
44 error     at Request.emit (events.js:117:20)
44 error     at IncomingMessage.<anonymous> (C:\Program Files\nodejs\node_modules\npm\node_modules\request\request.js:1096:12)
44 error     at IncomingMessage.emit (events.js:117:20)
44 error     at _stream_readable.js:943:16
45 error If you need help, you may report this *entire* log,
45 error including the npm and node versions, at:
45 error     <http://github.com/npm/npm/issues>
46 error System Windows_NT 6.1.7601
47 error command "C:\\Program Files\\nodejs\\\\node.exe" "C:\\Program Files\\nodejs\\node_modules\\npm\\bin\\npm-cli.js" "publish"
48 error cwd C:\aquajs\aquajs-error
49 error node -v v0.10.33
50 error npm -v 1.4.28
51 error type unexpected_token
52 verbose exit [ 1, true ]
